<?xml version="1.0" encoding="UTF-8"?>
<!-- Generated by org.testng.reporters.JUnitXMLReporter -->
<testsuite ignored="0" hostname="DESKTOP-QJLLH6S" failures="0" tests="6" name="Default test" time="53.421" errors="0" timestamp="2021-01-21T00:38:40 IST">
  <testcase classname="Test.BrowserTest" name="GoogleSearch" time="8.714"/>
  <testcase classname="Test.BrowserTest" name="GoogleSearch" time="8.315"/>
  <testcase classname="Test.BrowserTest" name="GoogleSearch" time="8.418"/>
  <testcase classname="Test.BrowserTest" name="loginTest" time="15.555"/>
  <testcase classname="Test.BrowserTest" name="loginTest" time="6.695"/>
  <testcase classname="Test.BrowserTest" name="loginTest" time="5.206"/>
</testsuite> <!-- Default test -->
