<?xml version="1.0" encoding="UTF-8"?>
<!-- Generated by org.testng.reporters.JUnitXMLReporter -->
<testsuite ignored="0" hostname="DESKTOP-QJLLH6S" failures="0" tests="6" name="Default test" time="54.165" errors="0" timestamp="2021-01-21T14:48:07 IST">
  <testcase classname="Test.BrowserTest" name="GoogleSearch" time="7.83"/>
  <testcase classname="Test.BrowserTest" name="GoogleSearch" time="9.117"/>
  <testcase classname="Test.BrowserTest" name="GoogleSearch" time="6.769"/>
  <testcase classname="Test.BrowserTest" name="loginTest" time="12.227"/>
  <testcase classname="Test.BrowserTest" name="loginTest" time="8.831"/>
  <testcase classname="Test.BrowserTest" name="loginTest" time="8.871"/>
</testsuite> <!-- Default test -->
