<?xml version="1.0" encoding="UTF-8"?>
<testng-results ignored="0" total="6" passed="6" failed="0" skipped="0">
  <reporter-output>
  </reporter-output>
  <suite started-at="2021-01-21T14:47:13 IST" name="Default suite" finished-at="2021-01-21T14:48:07 IST" duration-ms="54165">
    <groups>
    </groups>
    <test started-at="2021-01-21T14:47:13 IST" name="Default test" finished-at="2021-01-21T14:48:07 IST" duration-ms="54165">
      <class name="Test.BrowserTest">
        <test-method is-config="true" signature="setUpTest()[pri:0, instance:Test.BrowserTest@25fb8912]" started-at="2021-01-21T14:47:10 IST" name="setUpTest" finished-at="2021-01-21T14:47:13 IST" duration-ms="3108" status="PASS">
          <reporter-output>
          </reporter-output>
        </test-method> <!-- setUpTest -->
        <test-method signature="GoogleSearch(java.lang.String)[pri:0, instance:Test.BrowserTest@25fb8912]" started-at="2021-01-21T14:47:13 IST" name="GoogleSearch" data-provider="test1data" finished-at="2021-01-21T14:47:21 IST" duration-ms="7830" status="PASS">
          <params>
            <param index="0">
              <value>
                <![CDATA[kunal]]>
              </value>
            </param>
          </params>
          <reporter-output>
          </reporter-output>
        </test-method> <!-- GoogleSearch -->
        <test-method signature="GoogleSearch(java.lang.String)[pri:0, instance:Test.BrowserTest@25fb8912]" started-at="2021-01-21T14:47:21 IST" name="GoogleSearch" data-provider="test1data" finished-at="2021-01-21T14:47:30 IST" duration-ms="9117" status="PASS">
          <params>
            <param index="0">
              <value>
                <![CDATA[Honda]]>
              </value>
            </param>
          </params>
          <reporter-output>
          </reporter-output>
        </test-method> <!-- GoogleSearch -->
        <test-method signature="GoogleSearch(java.lang.String)[pri:0, instance:Test.BrowserTest@25fb8912]" started-at="2021-01-21T14:47:30 IST" name="GoogleSearch" data-provider="test1data" finished-at="2021-01-21T14:47:37 IST" duration-ms="6769" status="PASS">
          <params>
            <param index="0">
              <value>
                <![CDATA[Elon Musk]]>
              </value>
            </param>
          </params>
          <reporter-output>
          </reporter-output>
        </test-method> <!-- GoogleSearch -->
        <test-method signature="loginTest(java.lang.String, java.lang.String)[pri:0, instance:Test.BrowserTest@25fb8912]" started-at="2021-01-21T14:47:37 IST" name="loginTest" data-provider="test2data" finished-at="2021-01-21T14:47:49 IST" duration-ms="12227" status="PASS">
          <params>
            <param index="0">
              <value>
                <![CDATA[kunal]]>
              </value>
            </param>
            <param index="1">
              <value>
                <![CDATA[Admin123]]>
              </value>
            </param>
          </params>
          <reporter-output>
          </reporter-output>
        </test-method> <!-- loginTest -->
        <test-method signature="loginTest(java.lang.String, java.lang.String)[pri:0, instance:Test.BrowserTest@25fb8912]" started-at="2021-01-21T14:47:50 IST" name="loginTest" data-provider="test2data" finished-at="2021-01-21T14:47:58 IST" duration-ms="8831" status="PASS">
          <params>
            <param index="0">
              <value>
                <![CDATA[Honda]]>
              </value>
            </param>
            <param index="1">
              <value>
                <![CDATA[Admin124]]>
              </value>
            </param>
          </params>
          <reporter-output>
          </reporter-output>
        </test-method> <!-- loginTest -->
        <test-method signature="loginTest(java.lang.String, java.lang.String)[pri:0, instance:Test.BrowserTest@25fb8912]" started-at="2021-01-21T14:47:58 IST" name="loginTest" data-provider="test2data" finished-at="2021-01-21T14:48:07 IST" duration-ms="8871" status="PASS">
          <params>
            <param index="0">
              <value>
                <![CDATA[Elon Musk]]>
              </value>
            </param>
            <param index="1">
              <value>
                <![CDATA[Admin556]]>
              </value>
            </param>
          </params>
          <reporter-output>
          </reporter-output>
        </test-method> <!-- loginTest -->
        <test-method is-config="true" signature="tearDownTest()[pri:0, instance:Test.BrowserTest@25fb8912]" started-at="2021-01-21T14:48:07 IST" name="tearDownTest" finished-at="2021-01-21T14:48:09 IST" duration-ms="1961" status="PASS">
          <reporter-output>
          </reporter-output>
        </test-method> <!-- tearDownTest -->
      </class> <!-- Test.BrowserTest -->
    </test> <!-- Default test -->
  </suite> <!-- Default suite -->
</testng-results>
