<?xml version="1.0" encoding="UTF-8"?>
<testng-results ignored="0" total="6" passed="6" failed="0" skipped="0">
  <reporter-output>
  </reporter-output>
  <suite started-at="2021-01-21T00:37:46 IST" name="Default suite" finished-at="2021-01-21T00:38:40 IST" duration-ms="53421">
    <groups>
    </groups>
    <test started-at="2021-01-21T00:37:46 IST" name="Default test" finished-at="2021-01-21T00:38:40 IST" duration-ms="53421">
      <class name="Test.BrowserTest">
        <test-method is-config="true" signature="setUpTest()[pri:0, instance:Test.BrowserTest@25fb8912]" started-at="2021-01-21T00:37:43 IST" name="setUpTest" finished-at="2021-01-21T00:37:46 IST" duration-ms="3072" status="PASS">
          <reporter-output>
          </reporter-output>
        </test-method> <!-- setUpTest -->
        <test-method signature="GoogleSearch(java.lang.String)[pri:0, instance:Test.BrowserTest@25fb8912]" started-at="2021-01-21T00:37:47 IST" name="GoogleSearch" data-provider="test1data" finished-at="2021-01-21T00:37:55 IST" duration-ms="8714" status="PASS">
          <params>
            <param index="0">
              <value>
                <![CDATA[kunal]]>
              </value>
            </param>
          </params>
          <reporter-output>
          </reporter-output>
        </test-method> <!-- GoogleSearch -->
        <test-method signature="GoogleSearch(java.lang.String)[pri:0, instance:Test.BrowserTest@25fb8912]" started-at="2021-01-21T00:37:55 IST" name="GoogleSearch" data-provider="test1data" finished-at="2021-01-21T00:38:04 IST" duration-ms="8315" status="PASS">
          <params>
            <param index="0">
              <value>
                <![CDATA[Honda]]>
              </value>
            </param>
          </params>
          <reporter-output>
          </reporter-output>
        </test-method> <!-- GoogleSearch -->
        <test-method signature="GoogleSearch(java.lang.String)[pri:0, instance:Test.BrowserTest@25fb8912]" started-at="2021-01-21T00:38:04 IST" name="GoogleSearch" data-provider="test1data" finished-at="2021-01-21T00:38:12 IST" duration-ms="8418" status="PASS">
          <params>
            <param index="0">
              <value>
                <![CDATA[Elon Musk]]>
              </value>
            </param>
          </params>
          <reporter-output>
          </reporter-output>
        </test-method> <!-- GoogleSearch -->
        <test-method signature="loginTest(java.lang.String, java.lang.String)[pri:0, instance:Test.BrowserTest@25fb8912]" started-at="2021-01-21T00:38:12 IST" name="loginTest" data-provider="test2data" finished-at="2021-01-21T00:38:28 IST" duration-ms="15555" status="PASS">
          <params>
            <param index="0">
              <value>
                <![CDATA[kunal]]>
              </value>
            </param>
            <param index="1">
              <value>
                <![CDATA[Admin123]]>
              </value>
            </param>
          </params>
          <reporter-output>
          </reporter-output>
        </test-method> <!-- loginTest -->
        <test-method signature="loginTest(java.lang.String, java.lang.String)[pri:0, instance:Test.BrowserTest@25fb8912]" started-at="2021-01-21T00:38:28 IST" name="loginTest" data-provider="test2data" finished-at="2021-01-21T00:38:34 IST" duration-ms="6695" status="PASS">
          <params>
            <param index="0">
              <value>
                <![CDATA[Honda]]>
              </value>
            </param>
            <param index="1">
              <value>
                <![CDATA[Admin124]]>
              </value>
            </param>
          </params>
          <reporter-output>
          </reporter-output>
        </test-method> <!-- loginTest -->
        <test-method signature="loginTest(java.lang.String, java.lang.String)[pri:0, instance:Test.BrowserTest@25fb8912]" started-at="2021-01-21T00:38:34 IST" name="loginTest" data-provider="test2data" finished-at="2021-01-21T00:38:40 IST" duration-ms="5206" status="PASS">
          <params>
            <param index="0">
              <value>
                <![CDATA[Elon Musk]]>
              </value>
            </param>
            <param index="1">
              <value>
                <![CDATA[Admin556]]>
              </value>
            </param>
          </params>
          <reporter-output>
          </reporter-output>
        </test-method> <!-- loginTest -->
        <test-method is-config="true" signature="tearDownTest()[pri:0, instance:Test.BrowserTest@25fb8912]" started-at="2021-01-21T00:38:40 IST" name="tearDownTest" finished-at="2021-01-21T00:38:40 IST" duration-ms="875" status="PASS">
          <reporter-output>
          </reporter-output>
        </test-method> <!-- tearDownTest -->
      </class> <!-- Test.BrowserTest -->
    </test> <!-- Default test -->
  </suite> <!-- Default suite -->
</testng-results>
